The system is: Linux - 3.10.0-327.36.3.el7.x86_64 - x86_64
Compiling the CXX compiler identification source file "CMakeCXXCompilerId.cpp" succeeded.
Compiler: /cineca/prod/compilers/gnu/4.9.2/none/bin/c++ 
Build flags: 
Id flags: 

The output was:
0


Compilation of the CXX compiler identification source "CMakeCXXCompilerId.cpp" produced "a.out"

The CXX compiler identification is GNU, found in "/galileo/home/userinternal/stagliav/field-decomposition-island/build/CMakeFiles/3.5.0/CompilerIdCXX/a.out"

Determining if the CXX compiler works passed with the following output:
Change Dir: /galileo/home/userinternal/stagliav/field-decomposition-island/build/CMakeFiles/CMakeTmp

Run Build Command:"/usr/bin/gmake" "cmTC_cb91d/fast"
/usr/bin/gmake -f CMakeFiles/cmTC_cb91d.dir/build.make CMakeFiles/cmTC_cb91d.dir/build
gmake[1]: Entering directory `/galileo/home/userinternal/stagliav/field-decomposition-island/build/CMakeFiles/CMakeTmp'
Building CXX object CMakeFiles/cmTC_cb91d.dir/testCXXCompiler.cxx.o
/cineca/prod/compilers/gnu/4.9.2/none/bin/c++      -o CMakeFiles/cmTC_cb91d.dir/testCXXCompiler.cxx.o -c /galileo/home/userinternal/stagliav/field-decomposition-island/build/CMakeFiles/CMakeTmp/testCXXCompiler.cxx
Linking CXX executable cmTC_cb91d
/developers/devenv/prod/opt/tools/cmake/3.5/none/bin/cmake -E cmake_link_script CMakeFiles/cmTC_cb91d.dir/link.txt --verbose=1
/cineca/prod/compilers/gnu/4.9.2/none/bin/c++        CMakeFiles/cmTC_cb91d.dir/testCXXCompiler.cxx.o  -o cmTC_cb91d 
gmake[1]: Leaving directory `/galileo/home/userinternal/stagliav/field-decomposition-island/build/CMakeFiles/CMakeTmp'


Detecting CXX compiler ABI info compiled with the following output:
Change Dir: /galileo/home/userinternal/stagliav/field-decomposition-island/build/CMakeFiles/CMakeTmp

Run Build Command:"/usr/bin/gmake" "cmTC_b2182/fast"
/usr/bin/gmake -f CMakeFiles/cmTC_b2182.dir/build.make CMakeFiles/cmTC_b2182.dir/build
gmake[1]: Entering directory `/galileo/home/userinternal/stagliav/field-decomposition-island/build/CMakeFiles/CMakeTmp'
Building CXX object CMakeFiles/cmTC_b2182.dir/CMakeCXXCompilerABI.cpp.o
/cineca/prod/compilers/gnu/4.9.2/none/bin/c++      -o CMakeFiles/cmTC_b2182.dir/CMakeCXXCompilerABI.cpp.o -c /developers/devenv/prod/opt/tools/cmake/3.5/none/share/cmake-3.5/Modules/CMakeCXXCompilerABI.cpp
Linking CXX executable cmTC_b2182
/developers/devenv/prod/opt/tools/cmake/3.5/none/bin/cmake -E cmake_link_script CMakeFiles/cmTC_b2182.dir/link.txt --verbose=1
/cineca/prod/compilers/gnu/4.9.2/none/bin/c++       -v CMakeFiles/cmTC_b2182.dir/CMakeCXXCompilerABI.cpp.o  -o cmTC_b2182  
Using built-in specs.
COLLECT_GCC=/cineca/prod/compilers/gnu/4.9.2/none/bin/c++
COLLECT_LTO_WRAPPER=/galileo/prod/compilers/gnu/4.9.2/none/bin/../libexec/gcc/x86_64-unknown-linux-gnu/4.9.2/lto-wrapper
Target: x86_64-unknown-linux-gnu
Configured with: ./configure --prefix=/cineca/prod/compilers/gnu/4.9.2/none --enable-languages=c,c++,fortran --disable-multilib
Thread model: posix
gcc version 4.9.2 (GCC) 
COMPILER_PATH=/galileo/prod/compilers/gnu/4.9.2/none/bin/../libexec/gcc/x86_64-unknown-linux-gnu/4.9.2/:/galileo/prod/compilers/gnu/4.9.2/none/bin/../libexec/gcc/
LIBRARY_PATH=/galileo/prod/compilers/gnu/4.9.2/none/bin/../lib/gcc/x86_64-unknown-linux-gnu/4.9.2/:/galileo/prod/compilers/gnu/4.9.2/none/bin/../lib/gcc/:/galileo/prod/compilers/gnu/4.9.2/none/bin/../lib/gcc/x86_64-unknown-linux-gnu/4.9.2/../../../../lib64/:/lib/../lib64/:/usr/lib/../lib64/:/galileo/prod/compilers/gnu/4.9.2/none/bin/../lib/gcc/x86_64-unknown-linux-gnu/4.9.2/../../../:/lib/:/usr/lib/
COLLECT_GCC_OPTIONS='-v' '-o' 'cmTC_b2182' '-shared-libgcc' '-mtune=generic' '-march=x86-64'
 /galileo/prod/compilers/gnu/4.9.2/none/bin/../libexec/gcc/x86_64-unknown-linux-gnu/4.9.2/collect2 --eh-frame-hdr -m elf_x86_64 -dynamic-linker /lib64/ld-linux-x86-64.so.2 -o cmTC_b2182 /lib/../lib64/crt1.o /lib/../lib64/crti.o /galileo/prod/compilers/gnu/4.9.2/none/bin/../lib/gcc/x86_64-unknown-linux-gnu/4.9.2/crtbegin.o -L/galileo/prod/compilers/gnu/4.9.2/none/bin/../lib/gcc/x86_64-unknown-linux-gnu/4.9.2 -L/galileo/prod/compilers/gnu/4.9.2/none/bin/../lib/gcc -L/galileo/prod/compilers/gnu/4.9.2/none/bin/../lib/gcc/x86_64-unknown-linux-gnu/4.9.2/../../../../lib64 -L/lib/../lib64 -L/usr/lib/../lib64 -L/galileo/prod/compilers/gnu/4.9.2/none/bin/../lib/gcc/x86_64-unknown-linux-gnu/4.9.2/../../.. CMakeFiles/cmTC_b2182.dir/CMakeCXXCompilerABI.cpp.o -lstdc++ -lm -lgcc_s -lgcc -lc -lgcc_s -lgcc /galileo/prod/compilers/gnu/4.9.2/none/bin/../lib/gcc/x86_64-unknown-linux-gnu/4.9.2/crtend.o /lib/../lib64/crtn.o
gmake[1]: Leaving directory `/galileo/home/userinternal/stagliav/field-decomposition-island/build/CMakeFiles/CMakeTmp'


Parsed CXX implicit link information from above output:
  link line regex: [^( *|.*[/\])(ld|([^/\]+-)?ld|collect2)[^/\]*( |$)]
  ignore line: [Change Dir: /galileo/home/userinternal/stagliav/field-decomposition-island/build/CMakeFiles/CMakeTmp]
  ignore line: []
  ignore line: [Run Build Command:"/usr/bin/gmake" "cmTC_b2182/fast"]
  ignore line: [/usr/bin/gmake -f CMakeFiles/cmTC_b2182.dir/build.make CMakeFiles/cmTC_b2182.dir/build]
  ignore line: [gmake[1]: Entering directory `/galileo/home/userinternal/stagliav/field-decomposition-island/build/CMakeFiles/CMakeTmp']
  ignore line: [Building CXX object CMakeFiles/cmTC_b2182.dir/CMakeCXXCompilerABI.cpp.o]
  ignore line: [/cineca/prod/compilers/gnu/4.9.2/none/bin/c++      -o CMakeFiles/cmTC_b2182.dir/CMakeCXXCompilerABI.cpp.o -c /developers/devenv/prod/opt/tools/cmake/3.5/none/share/cmake-3.5/Modules/CMakeCXXCompilerABI.cpp]
  ignore line: [Linking CXX executable cmTC_b2182]
  ignore line: [/developers/devenv/prod/opt/tools/cmake/3.5/none/bin/cmake -E cmake_link_script CMakeFiles/cmTC_b2182.dir/link.txt --verbose=1]
  ignore line: [/cineca/prod/compilers/gnu/4.9.2/none/bin/c++       -v CMakeFiles/cmTC_b2182.dir/CMakeCXXCompilerABI.cpp.o  -o cmTC_b2182  ]
  ignore line: [Using built-in specs.]
  ignore line: [COLLECT_GCC=/cineca/prod/compilers/gnu/4.9.2/none/bin/c++]
  ignore line: [COLLECT_LTO_WRAPPER=/galileo/prod/compilers/gnu/4.9.2/none/bin/../libexec/gcc/x86_64-unknown-linux-gnu/4.9.2/lto-wrapper]
  ignore line: [Target: x86_64-unknown-linux-gnu]
  ignore line: [Configured with: ./configure --prefix=/cineca/prod/compilers/gnu/4.9.2/none --enable-languages=c,c++,fortran --disable-multilib]
  ignore line: [Thread model: posix]
  ignore line: [gcc version 4.9.2 (GCC) ]
  ignore line: [COMPILER_PATH=/galileo/prod/compilers/gnu/4.9.2/none/bin/../libexec/gcc/x86_64-unknown-linux-gnu/4.9.2/:/galileo/prod/compilers/gnu/4.9.2/none/bin/../libexec/gcc/]
  ignore line: [LIBRARY_PATH=/galileo/prod/compilers/gnu/4.9.2/none/bin/../lib/gcc/x86_64-unknown-linux-gnu/4.9.2/:/galileo/prod/compilers/gnu/4.9.2/none/bin/../lib/gcc/:/galileo/prod/compilers/gnu/4.9.2/none/bin/../lib/gcc/x86_64-unknown-linux-gnu/4.9.2/../../../../lib64/:/lib/../lib64/:/usr/lib/../lib64/:/galileo/prod/compilers/gnu/4.9.2/none/bin/../lib/gcc/x86_64-unknown-linux-gnu/4.9.2/../../../:/lib/:/usr/lib/]
  ignore line: [COLLECT_GCC_OPTIONS='-v' '-o' 'cmTC_b2182' '-shared-libgcc' '-mtune=generic' '-march=x86-64']
  link line: [ /galileo/prod/compilers/gnu/4.9.2/none/bin/../libexec/gcc/x86_64-unknown-linux-gnu/4.9.2/collect2 --eh-frame-hdr -m elf_x86_64 -dynamic-linker /lib64/ld-linux-x86-64.so.2 -o cmTC_b2182 /lib/../lib64/crt1.o /lib/../lib64/crti.o /galileo/prod/compilers/gnu/4.9.2/none/bin/../lib/gcc/x86_64-unknown-linux-gnu/4.9.2/crtbegin.o -L/galileo/prod/compilers/gnu/4.9.2/none/bin/../lib/gcc/x86_64-unknown-linux-gnu/4.9.2 -L/galileo/prod/compilers/gnu/4.9.2/none/bin/../lib/gcc -L/galileo/prod/compilers/gnu/4.9.2/none/bin/../lib/gcc/x86_64-unknown-linux-gnu/4.9.2/../../../../lib64 -L/lib/../lib64 -L/usr/lib/../lib64 -L/galileo/prod/compilers/gnu/4.9.2/none/bin/../lib/gcc/x86_64-unknown-linux-gnu/4.9.2/../../.. CMakeFiles/cmTC_b2182.dir/CMakeCXXCompilerABI.cpp.o -lstdc++ -lm -lgcc_s -lgcc -lc -lgcc_s -lgcc /galileo/prod/compilers/gnu/4.9.2/none/bin/../lib/gcc/x86_64-unknown-linux-gnu/4.9.2/crtend.o /lib/../lib64/crtn.o]
    arg [/galileo/prod/compilers/gnu/4.9.2/none/bin/../libexec/gcc/x86_64-unknown-linux-gnu/4.9.2/collect2] ==> ignore
    arg [--eh-frame-hdr] ==> ignore
    arg [-m] ==> ignore
    arg [elf_x86_64] ==> ignore
    arg [-dynamic-linker] ==> ignore
    arg [/lib64/ld-linux-x86-64.so.2] ==> ignore
    arg [-o] ==> ignore
    arg [cmTC_b2182] ==> ignore
    arg [/lib/../lib64/crt1.o] ==> ignore
    arg [/lib/../lib64/crti.o] ==> ignore
    arg [/galileo/prod/compilers/gnu/4.9.2/none/bin/../lib/gcc/x86_64-unknown-linux-gnu/4.9.2/crtbegin.o] ==> ignore
    arg [-L/galileo/prod/compilers/gnu/4.9.2/none/bin/../lib/gcc/x86_64-unknown-linux-gnu/4.9.2] ==> dir [/galileo/prod/compilers/gnu/4.9.2/none/bin/../lib/gcc/x86_64-unknown-linux-gnu/4.9.2]
    arg [-L/galileo/prod/compilers/gnu/4.9.2/none/bin/../lib/gcc] ==> dir [/galileo/prod/compilers/gnu/4.9.2/none/bin/../lib/gcc]
    arg [-L/galileo/prod/compilers/gnu/4.9.2/none/bin/../lib/gcc/x86_64-unknown-linux-gnu/4.9.2/../../../../lib64] ==> dir [/galileo/prod/compilers/gnu/4.9.2/none/bin/../lib/gcc/x86_64-unknown-linux-gnu/4.9.2/../../../../lib64]
    arg [-L/lib/../lib64] ==> dir [/lib/../lib64]
    arg [-L/usr/lib/../lib64] ==> dir [/usr/lib/../lib64]
    arg [-L/galileo/prod/compilers/gnu/4.9.2/none/bin/../lib/gcc/x86_64-unknown-linux-gnu/4.9.2/../../..] ==> dir [/galileo/prod/compilers/gnu/4.9.2/none/bin/../lib/gcc/x86_64-unknown-linux-gnu/4.9.2/../../..]
    arg [CMakeFiles/cmTC_b2182.dir/CMakeCXXCompilerABI.cpp.o] ==> ignore
    arg [-lstdc++] ==> lib [stdc++]
    arg [-lm] ==> lib [m]
    arg [-lgcc_s] ==> lib [gcc_s]
    arg [-lgcc] ==> lib [gcc]
    arg [-lc] ==> lib [c]
    arg [-lgcc_s] ==> lib [gcc_s]
    arg [-lgcc] ==> lib [gcc]
    arg [/galileo/prod/compilers/gnu/4.9.2/none/bin/../lib/gcc/x86_64-unknown-linux-gnu/4.9.2/crtend.o] ==> ignore
    arg [/lib/../lib64/crtn.o] ==> ignore
  remove lib [gcc_s]
  remove lib [gcc]
  remove lib [gcc_s]
  remove lib [gcc]
  collapse library dir [/galileo/prod/compilers/gnu/4.9.2/none/bin/../lib/gcc/x86_64-unknown-linux-gnu/4.9.2] ==> [/galileo/prod/compilers/gnu/4.9.2/none/lib/gcc/x86_64-unknown-linux-gnu/4.9.2]
  collapse library dir [/galileo/prod/compilers/gnu/4.9.2/none/bin/../lib/gcc] ==> [/galileo/prod/compilers/gnu/4.9.2/none/lib/gcc]
  collapse library dir [/galileo/prod/compilers/gnu/4.9.2/none/bin/../lib/gcc/x86_64-unknown-linux-gnu/4.9.2/../../../../lib64] ==> [/galileo/prod/compilers/gnu/4.9.2/none/lib64]
  collapse library dir [/lib/../lib64] ==> [/lib64]
  collapse library dir [/usr/lib/../lib64] ==> [/usr/lib64]
  collapse library dir [/galileo/prod/compilers/gnu/4.9.2/none/bin/../lib/gcc/x86_64-unknown-linux-gnu/4.9.2/../../..] ==> [/galileo/prod/compilers/gnu/4.9.2/none/lib]
  implicit libs: [stdc++;m;c]
  implicit dirs: [/galileo/prod/compilers/gnu/4.9.2/none/lib/gcc/x86_64-unknown-linux-gnu/4.9.2;/galileo/prod/compilers/gnu/4.9.2/none/lib/gcc;/galileo/prod/compilers/gnu/4.9.2/none/lib64;/lib64;/usr/lib64;/galileo/prod/compilers/gnu/4.9.2/none/lib]
  implicit fwks: []




Detecting CXX [-std=c++14] compiler features compiled with the following output:
Change Dir: /galileo/home/userinternal/stagliav/field-decomposition-island/build/CMakeFiles/CMakeTmp

Run Build Command:"/usr/bin/gmake" "cmTC_48e84/fast"
/usr/bin/gmake -f CMakeFiles/cmTC_48e84.dir/build.make CMakeFiles/cmTC_48e84.dir/build
gmake[1]: Entering directory `/galileo/home/userinternal/stagliav/field-decomposition-island/build/CMakeFiles/CMakeTmp'
Building CXX object CMakeFiles/cmTC_48e84.dir/feature_tests.cxx.o
/cineca/prod/compilers/gnu/4.9.2/none/bin/c++     -std=c++14 -o CMakeFiles/cmTC_48e84.dir/feature_tests.cxx.o -c /galileo/home/userinternal/stagliav/field-decomposition-island/build/CMakeFiles/feature_tests.cxx
Linking CXX executable cmTC_48e84
/developers/devenv/prod/opt/tools/cmake/3.5/none/bin/cmake -E cmake_link_script CMakeFiles/cmTC_48e84.dir/link.txt --verbose=1
/cineca/prod/compilers/gnu/4.9.2/none/bin/c++        CMakeFiles/cmTC_48e84.dir/feature_tests.cxx.o  -o cmTC_48e84 
gmake[1]: Leaving directory `/galileo/home/userinternal/stagliav/field-decomposition-island/build/CMakeFiles/CMakeTmp'


    Feature record: CXX_FEATURE:0cxx_aggregate_default_initializers
    Feature record: CXX_FEATURE:1cxx_alias_templates
    Feature record: CXX_FEATURE:1cxx_alignas
    Feature record: CXX_FEATURE:1cxx_alignof
    Feature record: CXX_FEATURE:1cxx_attributes
    Feature record: CXX_FEATURE:1cxx_attribute_deprecated
    Feature record: CXX_FEATURE:1cxx_auto_type
    Feature record: CXX_FEATURE:1cxx_binary_literals
    Feature record: CXX_FEATURE:1cxx_constexpr
    Feature record: CXX_FEATURE:1cxx_contextual_conversions
    Feature record: CXX_FEATURE:1cxx_decltype
    Feature record: CXX_FEATURE:1cxx_decltype_auto
    Feature record: CXX_FEATURE:1cxx_decltype_incomplete_return_types
    Feature record: CXX_FEATURE:1cxx_default_function_template_args
    Feature record: CXX_FEATURE:1cxx_defaulted_functions
    Feature record: CXX_FEATURE:1cxx_defaulted_move_initializers
    Feature record: CXX_FEATURE:1cxx_delegating_constructors
    Feature record: CXX_FEATURE:1cxx_deleted_functions
    Feature record: CXX_FEATURE:1cxx_digit_separators
    Feature record: CXX_FEATURE:1cxx_enum_forward_declarations
    Feature record: CXX_FEATURE:1cxx_explicit_conversions
    Feature record: CXX_FEATURE:1cxx_extended_friend_declarations
    Feature record: CXX_FEATURE:1cxx_extern_templates
    Feature record: CXX_FEATURE:1cxx_final
    Feature record: CXX_FEATURE:1cxx_func_identifier
    Feature record: CXX_FEATURE:1cxx_generalized_initializers
    Feature record: CXX_FEATURE:1cxx_generic_lambdas
    Feature record: CXX_FEATURE:1cxx_inheriting_constructors
    Feature record: CXX_FEATURE:1cxx_inline_namespaces
    Feature record: CXX_FEATURE:1cxx_lambdas
    Feature record: CXX_FEATURE:1cxx_lambda_init_captures
    Feature record: CXX_FEATURE:1cxx_local_type_template_args
    Feature record: CXX_FEATURE:1cxx_long_long_type
    Feature record: CXX_FEATURE:1cxx_noexcept
    Feature record: CXX_FEATURE:1cxx_nonstatic_member_init
    Feature record: CXX_FEATURE:1cxx_nullptr
    Feature record: CXX_FEATURE:1cxx_override
    Feature record: CXX_FEATURE:1cxx_range_for
    Feature record: CXX_FEATURE:1cxx_raw_string_literals
    Feature record: CXX_FEATURE:1cxx_reference_qualified_functions
    Feature record: CXX_FEATURE:0cxx_relaxed_constexpr
    Feature record: CXX_FEATURE:1cxx_return_type_deduction
    Feature record: CXX_FEATURE:1cxx_right_angle_brackets
    Feature record: CXX_FEATURE:1cxx_rvalue_references
    Feature record: CXX_FEATURE:1cxx_sizeof_member
    Feature record: CXX_FEATURE:1cxx_static_assert
    Feature record: CXX_FEATURE:1cxx_strong_enums
    Feature record: CXX_FEATURE:1cxx_template_template_parameters
    Feature record: CXX_FEATURE:1cxx_thread_local
    Feature record: CXX_FEATURE:1cxx_trailing_return_types
    Feature record: CXX_FEATURE:1cxx_unicode_literals
    Feature record: CXX_FEATURE:1cxx_uniform_initialization
    Feature record: CXX_FEATURE:1cxx_unrestricted_unions
    Feature record: CXX_FEATURE:1cxx_user_literals
    Feature record: CXX_FEATURE:0cxx_variable_templates
    Feature record: CXX_FEATURE:1cxx_variadic_macros
    Feature record: CXX_FEATURE:1cxx_variadic_templates


Detecting CXX [-std=c++11] compiler features compiled with the following output:
Change Dir: /galileo/home/userinternal/stagliav/field-decomposition-island/build/CMakeFiles/CMakeTmp

Run Build Command:"/usr/bin/gmake" "cmTC_41e8d/fast"
/usr/bin/gmake -f CMakeFiles/cmTC_41e8d.dir/build.make CMakeFiles/cmTC_41e8d.dir/build
gmake[1]: Entering directory `/galileo/home/userinternal/stagliav/field-decomposition-island/build/CMakeFiles/CMakeTmp'
Building CXX object CMakeFiles/cmTC_41e8d.dir/feature_tests.cxx.o
/cineca/prod/compilers/gnu/4.9.2/none/bin/c++     -std=c++11 -o CMakeFiles/cmTC_41e8d.dir/feature_tests.cxx.o -c /galileo/home/userinternal/stagliav/field-decomposition-island/build/CMakeFiles/feature_tests.cxx
Linking CXX executable cmTC_41e8d
/developers/devenv/prod/opt/tools/cmake/3.5/none/bin/cmake -E cmake_link_script CMakeFiles/cmTC_41e8d.dir/link.txt --verbose=1
/cineca/prod/compilers/gnu/4.9.2/none/bin/c++        CMakeFiles/cmTC_41e8d.dir/feature_tests.cxx.o  -o cmTC_41e8d 
gmake[1]: Leaving directory `/galileo/home/userinternal/stagliav/field-decomposition-island/build/CMakeFiles/CMakeTmp'


    Feature record: CXX_FEATURE:0cxx_aggregate_default_initializers
    Feature record: CXX_FEATURE:1cxx_alias_templates
    Feature record: CXX_FEATURE:1cxx_alignas
    Feature record: CXX_FEATURE:1cxx_alignof
    Feature record: CXX_FEATURE:1cxx_attributes
    Feature record: CXX_FEATURE:0cxx_attribute_deprecated
    Feature record: CXX_FEATURE:1cxx_auto_type
    Feature record: CXX_FEATURE:0cxx_binary_literals
    Feature record: CXX_FEATURE:1cxx_constexpr
    Feature record: CXX_FEATURE:0cxx_contextual_conversions
    Feature record: CXX_FEATURE:1cxx_decltype
    Feature record: CXX_FEATURE:0cxx_decltype_auto
    Feature record: CXX_FEATURE:1cxx_decltype_incomplete_return_types
    Feature record: CXX_FEATURE:1cxx_default_function_template_args
    Feature record: CXX_FEATURE:1cxx_defaulted_functions
    Feature record: CXX_FEATURE:1cxx_defaulted_move_initializers
    Feature record: CXX_FEATURE:1cxx_delegating_constructors
    Feature record: CXX_FEATURE:1cxx_deleted_functions
    Feature record: CXX_FEATURE:0cxx_digit_separators
    Feature record: CXX_FEATURE:1cxx_enum_forward_declarations
    Feature record: CXX_FEATURE:1cxx_explicit_conversions
    Feature record: CXX_FEATURE:1cxx_extended_friend_declarations
    Feature record: CXX_FEATURE:1cxx_extern_templates
    Feature record: CXX_FEATURE:1cxx_final
    Feature record: CXX_FEATURE:1cxx_func_identifier
    Feature record: CXX_FEATURE:1cxx_generalized_initializers
    Feature record: CXX_FEATURE:0cxx_generic_lambdas
    Feature record: CXX_FEATURE:1cxx_inheriting_constructors
    Feature record: CXX_FEATURE:1cxx_inline_namespaces
    Feature record: CXX_FEATURE:1cxx_lambdas
    Feature record: CXX_FEATURE:0cxx_lambda_init_captures
    Feature record: CXX_FEATURE:1cxx_local_type_template_args
    Feature record: CXX_FEATURE:1cxx_long_long_type
    Feature record: CXX_FEATURE:1cxx_noexcept
    Feature record: CXX_FEATURE:1cxx_nonstatic_member_init
    Feature record: CXX_FEATURE:1cxx_nullptr
    Feature record: CXX_FEATURE:1cxx_override
    Feature record: CXX_FEATURE:1cxx_range_for
    Feature record: CXX_FEATURE:1cxx_raw_string_literals
    Feature record: CXX_FEATURE:1cxx_reference_qualified_functions
    Feature record: CXX_FEATURE:0cxx_relaxed_constexpr
    Feature record: CXX_FEATURE:0cxx_return_type_deduction
    Feature record: CXX_FEATURE:1cxx_right_angle_brackets
    Feature record: CXX_FEATURE:1cxx_rvalue_references
    Feature record: CXX_FEATURE:1cxx_sizeof_member
    Feature record: CXX_FEATURE:1cxx_static_assert
    Feature record: CXX_FEATURE:1cxx_strong_enums
    Feature record: CXX_FEATURE:1cxx_template_template_parameters
    Feature record: CXX_FEATURE:1cxx_thread_local
    Feature record: CXX_FEATURE:1cxx_trailing_return_types
    Feature record: CXX_FEATURE:1cxx_unicode_literals
    Feature record: CXX_FEATURE:1cxx_uniform_initialization
    Feature record: CXX_FEATURE:1cxx_unrestricted_unions
    Feature record: CXX_FEATURE:1cxx_user_literals
    Feature record: CXX_FEATURE:0cxx_variable_templates
    Feature record: CXX_FEATURE:1cxx_variadic_macros
    Feature record: CXX_FEATURE:1cxx_variadic_templates


Detecting CXX [-std=c++98] compiler features compiled with the following output:
Change Dir: /galileo/home/userinternal/stagliav/field-decomposition-island/build/CMakeFiles/CMakeTmp

Run Build Command:"/usr/bin/gmake" "cmTC_c5e03/fast"
/usr/bin/gmake -f CMakeFiles/cmTC_c5e03.dir/build.make CMakeFiles/cmTC_c5e03.dir/build
gmake[1]: Entering directory `/galileo/home/userinternal/stagliav/field-decomposition-island/build/CMakeFiles/CMakeTmp'
Building CXX object CMakeFiles/cmTC_c5e03.dir/feature_tests.cxx.o
/cineca/prod/compilers/gnu/4.9.2/none/bin/c++     -std=c++98 -o CMakeFiles/cmTC_c5e03.dir/feature_tests.cxx.o -c /galileo/home/userinternal/stagliav/field-decomposition-island/build/CMakeFiles/feature_tests.cxx
Linking CXX executable cmTC_c5e03
/developers/devenv/prod/opt/tools/cmake/3.5/none/bin/cmake -E cmake_link_script CMakeFiles/cmTC_c5e03.dir/link.txt --verbose=1
/cineca/prod/compilers/gnu/4.9.2/none/bin/c++        CMakeFiles/cmTC_c5e03.dir/feature_tests.cxx.o  -o cmTC_c5e03 
gmake[1]: Leaving directory `/galileo/home/userinternal/stagliav/field-decomposition-island/build/CMakeFiles/CMakeTmp'


    Feature record: CXX_FEATURE:0cxx_aggregate_default_initializers
    Feature record: CXX_FEATURE:0cxx_alias_templates
    Feature record: CXX_FEATURE:0cxx_alignas
    Feature record: CXX_FEATURE:0cxx_alignof
    Feature record: CXX_FEATURE:0cxx_attributes
    Feature record: CXX_FEATURE:0cxx_attribute_deprecated
    Feature record: CXX_FEATURE:0cxx_auto_type
    Feature record: CXX_FEATURE:0cxx_binary_literals
    Feature record: CXX_FEATURE:0cxx_constexpr
    Feature record: CXX_FEATURE:0cxx_contextual_conversions
    Feature record: CXX_FEATURE:0cxx_decltype
    Feature record: CXX_FEATURE:0cxx_decltype_auto
    Feature record: CXX_FEATURE:0cxx_decltype_incomplete_return_types
    Feature record: CXX_FEATURE:0cxx_default_function_template_args
    Feature record: CXX_FEATURE:0cxx_defaulted_functions
    Feature record: CXX_FEATURE:0cxx_defaulted_move_initializers
    Feature record: CXX_FEATURE:0cxx_delegating_constructors
    Feature record: CXX_FEATURE:0cxx_deleted_functions
    Feature record: CXX_FEATURE:0cxx_digit_separators
    Feature record: CXX_FEATURE:0cxx_enum_forward_declarations
    Feature record: CXX_FEATURE:0cxx_explicit_conversions
    Feature record: CXX_FEATURE:0cxx_extended_friend_declarations
    Feature record: CXX_FEATURE:0cxx_extern_templates
    Feature record: CXX_FEATURE:0cxx_final
    Feature record: CXX_FEATURE:0cxx_func_identifier
    Feature record: CXX_FEATURE:0cxx_generalized_initializers
    Feature record: CXX_FEATURE:0cxx_generic_lambdas
    Feature record: CXX_FEATURE:0cxx_inheriting_constructors
    Feature record: CXX_FEATURE:0cxx_inline_namespaces
    Feature record: CXX_FEATURE:0cxx_lambdas
    Feature record: CXX_FEATURE:0cxx_lambda_init_captures
    Feature record: CXX_FEATURE:0cxx_local_type_template_args
    Feature record: CXX_FEATURE:0cxx_long_long_type
    Feature record: CXX_FEATURE:0cxx_noexcept
    Feature record: CXX_FEATURE:0cxx_nonstatic_member_init
    Feature record: CXX_FEATURE:0cxx_nullptr
    Feature record: CXX_FEATURE:0cxx_override
    Feature record: CXX_FEATURE:0cxx_range_for
    Feature record: CXX_FEATURE:0cxx_raw_string_literals
    Feature record: CXX_FEATURE:0cxx_reference_qualified_functions
    Feature record: CXX_FEATURE:0cxx_relaxed_constexpr
    Feature record: CXX_FEATURE:0cxx_return_type_deduction
    Feature record: CXX_FEATURE:0cxx_right_angle_brackets
    Feature record: CXX_FEATURE:0cxx_rvalue_references
    Feature record: CXX_FEATURE:0cxx_sizeof_member
    Feature record: CXX_FEATURE:0cxx_static_assert
    Feature record: CXX_FEATURE:0cxx_strong_enums
    Feature record: CXX_FEATURE:1cxx_template_template_parameters
    Feature record: CXX_FEATURE:0cxx_thread_local
    Feature record: CXX_FEATURE:0cxx_trailing_return_types
    Feature record: CXX_FEATURE:0cxx_unicode_literals
    Feature record: CXX_FEATURE:0cxx_uniform_initialization
    Feature record: CXX_FEATURE:0cxx_unrestricted_unions
    Feature record: CXX_FEATURE:0cxx_user_literals
    Feature record: CXX_FEATURE:0cxx_variable_templates
    Feature record: CXX_FEATURE:0cxx_variadic_macros
    Feature record: CXX_FEATURE:0cxx_variadic_templates
